{
  "stats": {
    "suites": 1,
    "tests": 5,
    "passes": 5,
    "pending": 0,
    "failures": 0,
    "start": "2025-03-18T17:12:18.426Z",
    "end": "2025-03-18T17:12:33.370Z",
    "duration": 14944,
    "testsRegistered": 5,
    "passPercent": 100,
    "pendingPercent": 0,
    "other": 0,
    "hasOther": false,
    "skipped": 0,
    "hasSkipped": false
  },
  "results": [
    {
      "uuid": "e503b959-2a48-4342-808b-6427874269c5",
      "title": "",
      "fullFile": "cypress\\e2e\\firstTest.spec.js",
      "file": "cypress\\e2e\\firstTest.spec.js",
      "beforeHooks": [],
      "afterHooks": [],
      "tests": [],
      "suites": [
        {
          "uuid": "69e49aa3-3e40-49a7-a427-f981d0ea76fe",
          "title": "Test with backend",
          "fullFile": "",
          "file": "",
          "beforeHooks": [],
          "afterHooks": [],
          "tests": [
            {
              "title": "verify correct request and response",
              "fullTitle": "Test with backend verify correct request and response",
              "timedOut": null,
              "duration": 4491,
              "state": "passed",
              "speed": "fast",
              "pass": true,
              "fail": false,
              "pending": false,
              "context": null,
              "code": "cy.intercept('POST', '**/articles').as('postArticles');\ncy.contains('New Article').click();\ncy.get('[formcontrolname=\"title\"]').type('This is the title ' + Math.random());\ncy.get('[formcontrolname=\"description\"]').type('This is the description');\ncy.get('[formcontrolname=\"body\"]').type('This is the body');\ncy.contains('Publish Article').click();\ncy.wait('@postArticles');\ncy.get('@postArticles').then(xhr => {\n  expect(xhr.response.statusCode).to.equal(201);\n  expect(xhr.request.body.article.body).to.equal('This is the body');\n  expect(xhr.response.body.article.description).to.equal('This is the description');\n});",
              "err": {},
              "uuid": "e71dc485-392c-4848-918a-e950eea3019f",
              "parentUUID": "69e49aa3-3e40-49a7-a427-f981d0ea76fe",
              "isHook": false,
              "skipped": false
            },
            {
              "title": "intercepting and modifying the request and response",
              "fullTitle": "Test with backend intercepting and modifying the request and response",
              "timedOut": null,
              "duration": 2579,
              "state": "passed",
              "speed": "fast",
              "pass": true,
              "fail": false,
              "pending": false,
              "context": null,
              "code": "cy.intercept('POST', '**/articles', req => {\n  req.body.article.description = 'This is the description 2';\n}).as('postArticles');\ncy.contains('New Article').click();\ncy.get('[formcontrolname=\"title\"]').type('This is the title ' + Math.random());\ncy.get('[formcontrolname=\"description\"]').type('This is the description');\ncy.get('[formcontrolname=\"body\"]').type('This is the body');\ncy.contains('Publish Article').click();\ncy.wait('@postArticles');\ncy.get('@postArticles').then(xhr => {\n  expect(xhr.response.statusCode).to.equal(201);\n  expect(xhr.request.body.article.body).to.equal('This is the body');\n  expect(xhr.response.body.article.description).to.equal('This is the description 2');\n});",
              "err": {},
              "uuid": "5e87efb6-8068-4b1a-9cc9-7b4074fe4605",
              "parentUUID": "69e49aa3-3e40-49a7-a427-f981d0ea76fe",
              "isHook": false,
              "skipped": false
            },
            {
              "title": "verify popular tags are displayed",
              "fullTitle": "Test with backend verify popular tags are displayed",
              "timedOut": null,
              "duration": 2527,
              "state": "passed",
              "speed": "fast",
              "pass": true,
              "fail": false,
              "pending": false,
              "context": null,
              "code": "cy.get('.tag-list').should('contain', 'cypress').and('contain', 'automation').and('contain', 'testing');",
              "err": {},
              "uuid": "5832cbf3-2ccf-4d30-af61-a2740f31153b",
              "parentUUID": "69e49aa3-3e40-49a7-a427-f981d0ea76fe",
              "isHook": false,
              "skipped": false
            },
            {
              "title": "verify global feed likes count",
              "fullTitle": "Test with backend verify global feed likes count",
              "timedOut": null,
              "duration": 1924,
              "state": "passed",
              "speed": "fast",
              "pass": true,
              "fail": false,
              "pending": false,
              "context": null,
              "code": "cy.intercept('GET', Cypress.env('apiUrl') + '/api/articles/feed*', {\n  \"articles\": [],\n  \"articlesCount\": 0\n});\ncy.intercept('GET', Cypress.env('apiUrl') + '/api/articles*', {\n  fixture: \"articles.json\"\n});\ncy.contains('Global Feed').click();\ncy.get('app-article-list button').then(heartList => {\n  expect(heartList[0]).to.contain('1');\n  expect(heartList[1]).to.contain('5');\n});\ncy.fixture('articles').then(file => {\n  const articleLink = file.articles[1].slug;\n  file.articles[1].favoritesCount = 6;\n  cy.intercept('POST', Cypress.env('apiUrl') + '/api/articles/' + articleLink + '/favorite', file);\n});\ncy.get('app-article-list button').eq(1).click().should('contain', '6');",
              "err": {},
              "uuid": "d64fc20a-549c-483a-9acf-194f150fec9a",
              "parentUUID": "69e49aa3-3e40-49a7-a427-f981d0ea76fe",
              "isHook": false,
              "skipped": false
            },
            {
              "title": "add then delete a new article in a global feed",
              "fullTitle": "Test with backend add then delete a new article in a global feed",
              "timedOut": null,
              "duration": 3316,
              "state": "passed",
              "speed": "fast",
              "pass": true,
              "fail": false,
              "pending": false,
              "context": null,
              "code": "const bodyRequest = {\n  \"article\": {\n    \"tagList\": [],\n    \"title\": \"Request from API \" + Math.random(),\n    \"description\": \"API testing is easy\",\n    \"body\": \"Angular is cool\"\n  }\n};\ncy.get('@token').then(token => {\n  cy.request({\n    url: Cypress.env('apiUrl') + '/api/articles/',\n    headers: {\n      'Authorization': 'Token ' + token\n    },\n    method: 'POST',\n    body: bodyRequest\n  }).then(response => {\n    expect(response.status).to.equal(201);\n  });\n  cy.contains('Global Feed').click();\n  cy.wait(500);\n  cy.get('.article-preview').first().click();\n  cy.get('.article-actions').contains('Delete Article').click();\n  cy.request({\n    url: Cypress.env('apiUrl') + '/api/articles?limit=10&offset=0',\n    headers: {\n      'Authorization': 'Token ' + token\n    },\n    method: 'GET'\n  }).its('body').then(body => {\n    expect(body.articles[0].title).not.to.equal('Request from API');\n  });\n});",
              "err": {},
              "uuid": "34649fe0-a18a-46aa-8730-77a26db8ec8f",
              "parentUUID": "69e49aa3-3e40-49a7-a427-f981d0ea76fe",
              "isHook": false,
              "skipped": false
            }
          ],
          "suites": [],
          "passes": [
            "e71dc485-392c-4848-918a-e950eea3019f",
            "5e87efb6-8068-4b1a-9cc9-7b4074fe4605",
            "5832cbf3-2ccf-4d30-af61-a2740f31153b",
            "d64fc20a-549c-483a-9acf-194f150fec9a",
            "34649fe0-a18a-46aa-8730-77a26db8ec8f"
          ],
          "failures": [],
          "pending": [],
          "skipped": [],
          "duration": 14837,
          "root": false,
          "rootEmpty": false,
          "_timeout": 2000
        }
      ],
      "passes": [],
      "failures": [],
      "pending": [],
      "skipped": [],
      "duration": 0,
      "root": true,
      "rootEmpty": true,
      "_timeout": 2000
    }
  ],
  "meta": {
    "mocha": {
      "version": "7.0.1"
    },
    "mochawesome": {
      "options": {
        "quiet": false,
        "reportFilename": "mochawesome",
        "saveHtml": true,
        "saveJson": true,
        "consoleReporter": "spec",
        "useInlineDiffs": false,
        "code": true
      },
      "version": "7.1.3"
    },
    "marge": {
      "options": null,
      "version": "6.2.0"
    }
  }
}